<?xml version="1.0" encoding="UTF-8"?>
<!-- Generated by org.testng.reporters.JUnitXMLReporter -->
<testsuite ignored="0" hostname="DESKTOP-MLUQDMC" failures="0" tests="4" name="Test" time="0.086" errors="0" timestamp="2025-12-27T11:24:49 IST">
  <testcase classname="com.comcat.crm.conTactModule.CreatePhoneTest" name="toCreateContact_001" time="0.012"/>
  <testcase classname="com.comcat.crm.conTactModule.CreateContactTest" name="createContactTest" time="0.002"/>
  <testcase classname="com.comcat.crm.conTactModule.CreateOrganiazationTest" name="toCreateContact_001" time="0.001"/>
  <testcase classname="com.comcat.crm.conTactModule.CreateProductTest" name="toCreateContact_001" time="0.001"/>
</testsuite> <!-- Test -->
