<?xml version="1.0" encoding="UTF-8"?>
<testng-results ignored="0" total="4" passed="4" failed="0" skipped="0">
  <reporter-output>
  </reporter-output>
  <suite started-at="2025-12-27T11:24:49 IST" name="Suite" finished-at="2025-12-27T11:24:49 IST" duration-ms="86">
    <groups>
      <group name="smoke">
        <method signature="CreateOrganiazationTest.toCreateContact_001()[pri:0, instance:com.comcat.crm.conTactModule.CreateOrganiazationTest@477b4cdf]" name="toCreateContact_001" class="com.comcat.crm.conTactModule.CreateOrganiazationTest"/>
        <method signature="CreatePhoneTest.toCreateContact_001()[pri:0, instance:com.comcat.crm.conTactModule.CreatePhoneTest@139982de]" name="toCreateContact_001" class="com.comcat.crm.conTactModule.CreatePhoneTest"/>
        <method signature="CreateProductTest.toCreateContact_001()[pri:0, instance:com.comcat.crm.conTactModule.CreateProductTest@77c2494c]" name="toCreateContact_001" class="com.comcat.crm.conTactModule.CreateProductTest"/>
      </group> <!-- smoke -->
    </groups>
    <test started-at="2025-12-27T11:24:49 IST" name="Test" finished-at="2025-12-27T11:24:49 IST" duration-ms="86">
      <class name="com.comcat.crm.conTactModule.CreateProductTest">
        <test-method signature="toCreateContact_001()[pri:0, instance:com.comcat.crm.conTactModule.CreateProductTest@77c2494c]" started-at="2025-12-27T11:24:49 IST" name="toCreateContact_001" finished-at="2025-12-27T11:24:49 IST" duration-ms="1" status="PASS">
          <reporter-output>
          </reporter-output>
        </test-method> <!-- toCreateContact_001 -->
      </class> <!-- com.comcat.crm.conTactModule.CreateProductTest -->
      <class name="com.comcat.crm.conTactModule.CreateContactTest">
        <test-method signature="createContactTest()[pri:0, instance:com.comcat.crm.conTactModule.CreateContactTest@3eb25e1a]" started-at="2025-12-27T11:24:49 IST" name="createContactTest" finished-at="2025-12-27T11:24:49 IST" duration-ms="2" status="PASS">
          <reporter-output>
          </reporter-output>
        </test-method> <!-- createContactTest -->
      </class> <!-- com.comcat.crm.conTactModule.CreateContactTest -->
      <class name="com.comcat.crm.conTactModule.CreateOrganiazationTest">
        <test-method signature="toCreateContact_001()[pri:0, instance:com.comcat.crm.conTactModule.CreateOrganiazationTest@477b4cdf]" started-at="2025-12-27T11:24:49 IST" name="toCreateContact_001" finished-at="2025-12-27T11:24:49 IST" duration-ms="1" status="PASS">
          <reporter-output>
          </reporter-output>
        </test-method> <!-- toCreateContact_001 -->
      </class> <!-- com.comcat.crm.conTactModule.CreateOrganiazationTest -->
      <class name="com.comcat.crm.conTactModule.CreatePhoneTest">
        <test-method signature="toCreateContact_001()[pri:0, instance:com.comcat.crm.conTactModule.CreatePhoneTest@139982de]" started-at="2025-12-27T11:24:49 IST" name="toCreateContact_001" finished-at="2025-12-27T11:24:49 IST" duration-ms="12" status="PASS">
          <reporter-output>
          </reporter-output>
        </test-method> <!-- toCreateContact_001 -->
      </class> <!-- com.comcat.crm.conTactModule.CreatePhoneTest -->
    </test> <!-- Test -->
  </suite> <!-- Suite -->
</testng-results>
